<?xml version="1.0" encoding="UTF-8"?>
<!-- Generated by org.testng.reporters.JUnitReportReporter -->
<testsuite skipped="0" hostname="CHAITANYA_SHAST" name="com.vootkids.WebSanity" tests="10" failures="0" timestamp="2019-12-19T17:23:30 IST" time="17.722" errors="0">
  <testcase name="testWatch" time="0.438" classname="com.vootkids.WebSanity"/>
  <testcase name="testRead" time="3.431" classname="com.vootkids.WebSanity"/>
  <testcase name="testListen" time="0.036" classname="com.vootkids.WebSanity"/>
  <testcase name="testLearn" time="5.052" classname="com.vootkids.WebSanity"/>
  <testcase name="testAboutUs" time="1.314" classname="com.vootkids.WebSanity"/>
  <testcase name="testContactUs" time="1.226" classname="com.vootkids.WebSanity"/>
  <testcase name="testFAQs" time="1.340" classname="com.vootkids.WebSanity"/>
  <testcase name="testPrivacyPolicy" time="1.449" classname="com.vootkids.WebSanity"/>
  <testcase name="testTermsConditions" time="1.277" classname="com.vootkids.WebSanity"/>
  <testcase name="testNavigateHome" time="2.159" classname="com.vootkids.WebSanity"/>
</testsuite> <!-- com.vootkids.WebSanity -->
