<?xml version="1.0" encoding="UTF-8"?>
<!-- Generated by org.testng.reporters.JUnitReportReporter -->
<testsuite skipped="0" hostname="CHAITANYA_SHAST" name="com.vootkids.EmailToFriend" tests="2" failures="0" timestamp="2019-12-19T17:23:30 IST" time="18.561" errors="0">
  <testcase name="sendEmail" time="9.333" classname="com.vootkids.EmailToFriend"/>
  <testcase name="sendEmail" time="9.228" classname="com.vootkids.EmailToFriend"/>
</testsuite> <!-- com.vootkids.EmailToFriend -->
